Starting up the P2P Node with ID localhost:9000
Starting up the P2P Node with ID localhost:9000
Starting up the P2P Node with ID localhost:9000P2P Node started up!Listening on 9000Starting up the P2P Node with ID localhost:9000
P2P Node started up!
Listening on 9000
Starting up the P2P Node with ID localhost:9000
P2P Node started up!
Listening on 9000
----------------------------------- 
  It took 8339100 Nanoseconds to get a response from the Indexing Server! 
 -------------------------
----------------------------------- 
  It took 7462500 Nanoseconds to get a response from the Indexing Server! 
 -------------------------
----------------------------------- 
  It took 6579400 Nanoseconds to get a response from the Indexing Server! 
 -------------------------
----------------------------------- 
  It took 23848500 Nanoseconds to get a response from the Indexing Server! 
 -------------------------
----------------------------------- 
  It took 6232600 Nanoseconds to get a response from the Indexing Server! 
 -------------------------
----------------------------------- 
  It took 17875700 Nanoseconds to get a response from the Indexing Server! 
 -------------------------
----------------------------------- 
  It took 8284900 Nanoseconds to get a response from the Indexing Server! 
 -------------------------
----------------------------------- 
  It took 11828100 Nanoseconds to get a response from the Indexing Server! 
 -------------------------
----------------------------------- 
  It took 6909700 Nanoseconds to get a response from the Indexing Server! 
 -------------------------
----------------------------------- 
  It took 1816200 Nanoseconds to get a response from the Indexing Server! 
 -------------------------
----------------------------------- 
  It took 1568200 Nanoseconds to get a response from the Indexing Server! 
 -------------------------
----------------------------------- 
  It took 5138000 Nanoseconds to get a response from the Indexing Server! 
 -------------------------
----------------------------------- 
  It took 12055300 Nanoseconds to get a response from the Indexing Server! 
 -------------------------
----------------------------------- 
  It took 12700300 Nanoseconds to get a response from the Indexing Server! 
 -------------------------
----------------------------------- 
  It took 28331400 Nanoseconds to get a response from the Indexing Server! 
 -------------------------
----------------------------------- 
  It took 1996400 Nanoseconds to get a response from the Indexing Server! 
 -------------------------
----------------------------------- 
  It took 11221700 Nanoseconds to get a response from the Indexing Server! 
 -------------------------
----------------------------------- 
  It took 6344700 Nanoseconds to get a response from the Indexing Server! 
 -------------------------
----------------------------------- 
  It took 1360300 Nanoseconds to get a response from the Indexing Server! 
 -------------------------
----------------------------------- 
  It took 1602300 Nanoseconds to get a response from the Indexing Server! 
 -------------------------
----------------------------------- 
  It took 6687100 Nanoseconds to get a response from the Indexing Server! 
 -------------------------
----------------------------------- 
  It took 1585000 Nanoseconds to get a response from the Indexing Server! 
 -------------------------
----------------------------------- 
  It took 1317200 Nanoseconds to get a response from the Indexing Server! 
 -------------------------
----------------------------------- 
  It took 2146200 Nanoseconds to get a response from the Indexing Server! 
 -------------------------
----------------------------------- 
  It took 6806200 Nanoseconds to get a response from the Indexing Server! 
 -------------------------
----------------------------------- 
  It took 5817500 Nanoseconds to get a response from the Indexing Server! 
 -------------------------
----------------------------------- 
  It took 1947100 Nanoseconds to get a response from the Indexing Server! 
 -------------------------
----------------------------------- 
  It took 7495300 Nanoseconds to get a response from the Indexing Server! 
 -------------------------
----------------------------------- 
  It took 1414200 Nanoseconds to get a response from the Indexing Server! 
 -------------------------
----------------------------------- 
  It took 2779100 Nanoseconds to get a response from the Indexing Server! 
 -------------------------
----------------------------------- 
  It took 1777800 Nanoseconds to get a response from the Indexing Server! 
 -------------------------
----------------------------------- 
  It took 1419000 Nanoseconds to get a response from the Indexing Server! 
 -------------------------
----------------------------------- 
  It took 13798500 Nanoseconds to get a response from the Indexing Server! 
 -------------------------
----------------------------------- 
  It took 1485300 Nanoseconds to get a response from the Indexing Server! 
 -------------------------
----------------------------------- 
  It took 3983000 Nanoseconds to get a response from the Indexing Server! 
 -------------------------
----------------------------------- 
  It took 1470200 Nanoseconds to get a response from the Indexing Server! 
 -------------------------
----------------------------------- 
  It took 9539100 Nanoseconds to get a response from the Indexing Server! 
 -------------------------
----------------------------------- 
  It took 3821700 Nanoseconds to get a response from the Indexing Server! 
 -------------------------
----------------------------------- 
  It took 1270000 Nanoseconds to get a response from the Indexing Server! 
 -------------------------
----------------------------------- 
  It took 1732300 Nanoseconds to get a response from the Indexing Server! 
 -------------------------
----------------------------------- 
  It took 5033100 Nanoseconds to get a response from the Indexing Server! 
 -------------------------
----------------------------------- 
  It took 1305500 Nanoseconds to get a response from the Indexing Server! 
 -------------------------
----------------------------------- 
  It took 2693500 Nanoseconds to get a response from the Indexing Server! 
 -------------------------
----------------------------------- 
  It took 13233600 Nanoseconds to get a response from the Indexing Server! 
 -------------------------
----------------------------------- 
  It took 1257500 Nanoseconds to get a response from the Indexing Server! 
 -------------------------
----------------------------------- 
  It took 1264800 Nanoseconds to get a response from the Indexing Server! 
 -------------------------
----------------------------------- 
  It took 2346600 Nanoseconds to get a response from the Indexing Server! 
 -------------------------
----------------------------------- 
  It took 1970800 Nanoseconds to get a response from the Indexing Server! 
 -------------------------
----------------------------------- 
  It took 1232400 Nanoseconds to get a response from the Indexing Server! 
 -------------------------
----------------------------------- 
  It took 1339100 Nanoseconds to get a response from the Indexing Server! 
 -------------------------
----------------------------------- 
  It took 8368800 Nanoseconds to get a response from the Indexing Server! 
 -------------------------
----------------------------------- 
  It took 6660900 Nanoseconds to get a response from the Indexing Server! 
 -------------------------
----------------------------------- 
  It took 3955900 Nanoseconds to get a response from the Indexing Server! 
 -------------------------
----------------------------------- 
  It took 2861200 Nanoseconds to get a response from the Indexing Server! 
 -------------------------
----------------------------------- 
  It took 3838900 Nanoseconds to get a response from the Indexing Server! 
 -------------------------
----------------------------------- 
  It took 1345800 Nanoseconds to get a response from the Indexing Server! 
 -------------------------
----------------------------------- 
  It took 1520800 Nanoseconds to get a response from the Indexing Server! 
 -------------------------
----------------------------------- 
  It took 3798500 Nanoseconds to get a response from the Indexing Server! 
 -------------------------
----------------------------------- 
  It took 1340800 Nanoseconds to get a response from the Indexing Server! 
 -------------------------
----------------------------------- 
  It took 8881300 Nanoseconds to get a response from the Indexing Server! 
 -------------------------
----------------------------------- 
  It took 14714500 Nanoseconds to get a response from the Indexing Server! 
 -------------------------
----------------------------------- 
  It took 1444100 Nanoseconds to get a response from the Indexing Server! 
 -------------------------
----------------------------------- 
  It took 9443100 Nanoseconds to get a response from the Indexing Server! 
 -------------------------
----------------------------------- 
  It took 1576200 Nanoseconds to get a response from the Indexing Server! 
 -------------------------
----------------------------------- 
  It took 1650100 Nanoseconds to get a response from the Indexing Server! 
 -------------------------
----------------------------------- 
  It took 1544400 Nanoseconds to get a response from the Indexing Server! 
 -------------------------
----------------------------------- 
  It took 2175000 Nanoseconds to get a response from the Indexing Server! 
 -------------------------
----------------------------------- 
  It took 4192800 Nanoseconds to get a response from the Indexing Server! 
 -------------------------
----------------------------------- 
  It took 1452300 Nanoseconds to get a response from the Indexing Server! 
 -------------------------
----------------------------------- 
  It took 6867800 Nanoseconds to get a response from the Indexing Server! 
 -------------------------
----------------------------------- 
  It took 1799500 Nanoseconds to get a response from the Indexing Server! 
 -------------------------
----------------------------------- 
  It took 12043200 Nanoseconds to get a response from the Indexing Server! 
 -------------------------
----------------------------------- 
  It took 6090800 Nanoseconds to get a response from the Indexing Server! 
 -------------------------
----------------------------------- 
  It took 1466200 Nanoseconds to get a response from the Indexing Server! 
 -------------------------
----------------------------------- 
  It took 4776300 Nanoseconds to get a response from the Indexing Server! 
 -------------------------
----------------------------------- 
  It took 1243100 Nanoseconds to get a response from the Indexing Server! 
 -------------------------
----------------------------------- 
  It took 25329300 Nanoseconds to get a response from the Indexing Server! 
 -------------------------
----------------------------------- 
  It took 1628500 Nanoseconds to get a response from the Indexing Server! 
 -------------------------
----------------------------------- 
  It took 4446900 Nanoseconds to get a response from the Indexing Server! 
 -------------------------
----------------------------------- 
  It took 8807500 Nanoseconds to get a response from the Indexing Server! 
 -------------------------
----------------------------------- 
  It took 8720000 Nanoseconds to get a response from the Indexing Server! 
 -------------------------
----------------------------------- 
  It took 5411900 Nanoseconds to get a response from the Indexing Server! 
 -------------------------
----------------------------------- 
  It took 1972700 Nanoseconds to get a response from the Indexing Server! 
 -------------------------
----------------------------------- 
  It took 2184000 Nanoseconds to get a response from the Indexing Server! 
 -------------------------
----------------------------------- 
  It took 7351800 Nanoseconds to get a response from the Indexing Server! 
 -------------------------
----------------------------------- 
  It took 1436500 Nanoseconds to get a response from the Indexing Server! 
 -------------------------
----------------------------------- 
  It took 1657000 Nanoseconds to get a response from the Indexing Server! 
 -------------------------
----------------------------------- 
  It took 1294700 Nanoseconds to get a response from the Indexing Server! 
 -------------------------
----------------------------------- 
  It took 2727800 Nanoseconds to get a response from the Indexing Server! 
 -------------------------
----------------------------------- 
  It took 1405600 Nanoseconds to get a response from the Indexing Server! 
 -------------------------
----------------------------------- 
  It took 1482800 Nanoseconds to get a response from the Indexing Server! 
 -------------------------
----------------------------------- 
  It took 3675400 Nanoseconds to get a response from the Indexing Server! 
 -------------------------
----------------------------------- 
  It took 1675500 Nanoseconds to get a response from the Indexing Server! 
 -------------------------
----------------------------------- 
  It took 9037800 Nanoseconds to get a response from the Indexing Server! 
 -------------------------
----------------------------------- 
  It took 1686700 Nanoseconds to get a response from the Indexing Server! 
 -------------------------
----------------------------------- 
  It took 7025000 Nanoseconds to get a response from the Indexing Server! 
 -------------------------
----------------------------------- 
  It took 3475200 Nanoseconds to get a response from the Indexing Server! 
 -------------------------
----------------------------------- 
  It took 1529300 Nanoseconds to get a response from the Indexing Server! 
 -------------------------
----------------------------------- 
  It took 10579800 Nanoseconds to get a response from the Indexing Server! 
 -------------------------
----------------------------------- 
  It took 1410800 Nanoseconds to get a response from the Indexing Server! 
 -------------------------
----------------------------------- 
  It took 1451700 Nanoseconds to get a response from the Indexing Server! 
 -------------------------
----------------------------------- 
  It took 1648900 Nanoseconds to get a response from the Indexing Server! 
 -------------------------
----------------------------------- 
  It took 3528900 Nanoseconds to get a response from the Indexing Server! 
 -------------------------
----------------------------------- 
  It took 1581700 Nanoseconds to get a response from the Indexing Server! 
 -------------------------
----------------------------------- 
  It took 3392000 Nanoseconds to get a response from the Indexing Server! 
 -------------------------
----------------------------------- 
  It took 1373400 Nanoseconds to get a response from the Indexing Server! 
 -------------------------
----------------------------------- 
  It took 9224300 Nanoseconds to get a response from the Indexing Server! 
 -------------------------
----------------------------------- 
  It took 2987800 Nanoseconds to get a response from the Indexing Server! 
 -------------------------
----------------------------------- 
  It took 1748600 Nanoseconds to get a response from the Indexing Server! 
 -------------------------
----------------------------------- 
  It took 2194900 Nanoseconds to get a response from the Indexing Server! 
 -------------------------
----------------------------------- 
  It took 8297100 Nanoseconds to get a response from the Indexing Server! 
 -------------------------
----------------------------------- 
  It took 10049300 Nanoseconds to get a response from the Indexing Server! 
 -------------------------
----------------------------------- 
  It took 2141000 Nanoseconds to get a response from the Indexing Server! 
 -------------------------
----------------------------------- 
  It took 1328800 Nanoseconds to get a response from the Indexing Server! 
 -------------------------
----------------------------------- 
  It took 6237300 Nanoseconds to get a response from the Indexing Server! 
 -------------------------
----------------------------------- 
  It took 1651800 Nanoseconds to get a response from the Indexing Server! 
 -------------------------
----------------------------------- 
  It took 1592700 Nanoseconds to get a response from the Indexing Server! 
 -------------------------
----------------------------------- 
  It took 3597900 Nanoseconds to get a response from the Indexing Server! 
 -------------------------
----------------------------------- 
  It took 1490200 Nanoseconds to get a response from the Indexing Server! 
 -------------------------
----------------------------------- 
  It took 1282100 Nanoseconds to get a response from the Indexing Server! 
 -------------------------
----------------------------------- 
  It took 7418000 Nanoseconds to get a response from the Indexing Server! 
 -------------------------
----------------------------------- 
  It took 7596800 Nanoseconds to get a response from the Indexing Server! 
 -------------------------
----------------------------------- 
  It took 1456000 Nanoseconds to get a response from the Indexing Server! 
 -------------------------
----------------------------------- 
  It took 6535300 Nanoseconds to get a response from the Indexing Server! 
 -------------------------
----------------------------------- 
  It took 4743900 Nanoseconds to get a response from the Indexing Server! 
 -------------------------
----------------------------------- 
  It took 1704800 Nanoseconds to get a response from the Indexing Server! 
 -------------------------
----------------------------------- 
  It took 1403400 Nanoseconds to get a response from the Indexing Server! 
 -------------------------
----------------------------------- 
  It took 1563500 Nanoseconds to get a response from the Indexing Server! 
 -------------------------
----------------------------------- 
  It took 1889500 Nanoseconds to get a response from the Indexing Server! 
 -------------------------
----------------------------------- 
  It took 4529200 Nanoseconds to get a response from the Indexing Server! 
 -------------------------
----------------------------------- 
  It took 1536100 Nanoseconds to get a response from the Indexing Server! 
 -------------------------
----------------------------------- 
  It took 9142900 Nanoseconds to get a response from the Indexing Server! 
 -------------------------
----------------------------------- 
  It took 11340000 Nanoseconds to get a response from the Indexing Server! 
 -------------------------
----------------------------------- 
  It took 6616600 Nanoseconds to get a response from the Indexing Server! 
 -------------------------
----------------------------------- 
  It took 7136700 Nanoseconds to get a response from the Indexing Server! 
 -------------------------
----------------------------------- 
  It took 1525200 Nanoseconds to get a response from the Indexing Server! 
 -------------------------
----------------------------------- 
  It took 1584000 Nanoseconds to get a response from the Indexing Server! 
 -------------------------
----------------------------------- 
  It took 10209000 Nanoseconds to get a response from the Indexing Server! 
 -------------------------
----------------------------------- 
  It took 1664100 Nanoseconds to get a response from the Indexing Server! 
 -------------------------
----------------------------------- 
  It took 2249700 Nanoseconds to get a response from the Indexing Server! 
 -------------------------
----------------------------------- 
  It took 3561800 Nanoseconds to get a response from the Indexing Server! 
 -------------------------
----------------------------------- 
  It took 1160700 Nanoseconds to get a response from the Indexing Server! 
 -------------------------
----------------------------------- 
  It took 1749500 Nanoseconds to get a response from the Indexing Server! 
 -------------------------
----------------------------------- 
  It took 3545300 Nanoseconds to get a response from the Indexing Server! 
 -------------------------
----------------------------------- 
  It took 1793900 Nanoseconds to get a response from the Indexing Server! 
 -------------------------
----------------------------------- 
  It took 9781400 Nanoseconds to get a response from the Indexing Server! 
 -------------------------
----------------------------------- 
  It took 3563400 Nanoseconds to get a response from the Indexing Server! 
 -------------------------
----------------------------------- 
  It took 1734300 Nanoseconds to get a response from the Indexing Server! 
 -------------------------
----------------------------------- 
  It took 1836100 Nanoseconds to get a response from the Indexing Server! 
 -------------------------
----------------------------------- 
  It took 7479600 Nanoseconds to get a response from the Indexing Server! 
 -------------------------
----------------------------------- 
  It took 5523100 Nanoseconds to get a response from the Indexing Server! 
 -------------------------
----------------------------------- 
  It took 1627300 Nanoseconds to get a response from the Indexing Server! 
 -------------------------
----------------------------------- 
  It took 1661500 Nanoseconds to get a response from the Indexing Server! 
 -------------------------
----------------------------------- 
  It took 4395100 Nanoseconds to get a response from the Indexing Server! 
 -------------------------
----------------------------------- 
  It took 1781700 Nanoseconds to get a response from the Indexing Server! 
 -------------------------
----------------------------------- 
  It took 9026100 Nanoseconds to get a response from the Indexing Server! 
 -------------------------
----------------------------------- 
  It took 7924000 Nanoseconds to get a response from the Indexing Server! 
 -------------------------
----------------------------------- 
  It took 2580800 Nanoseconds to get a response from the Indexing Server! 
 -------------------------
----------------------------------- 
  It took 7809600 Nanoseconds to get a response from the Indexing Server! 
 -------------------------
----------------------------------- 
  It took 9256900 Nanoseconds to get a response from the Indexing Server! 
 -------------------------
----------------------------------- 
  It took 2070300 Nanoseconds to get a response from the Indexing Server! 
 -------------------------
----------------------------------- 
  It took 1571400 Nanoseconds to get a response from the Indexing Server! 
 -------------------------
----------------------------------- 
  It took 1506400 Nanoseconds to get a response from the Indexing Server! 
 -------------------------
----------------------------------- 
  It took 1428600 Nanoseconds to get a response from the Indexing Server! 
 -------------------------
----------------------------------- 
  It took 9274600 Nanoseconds to get a response from the Indexing Server! 
 -------------------------
----------------------------------- 
  It took 2303600 Nanoseconds to get a response from the Indexing Server! 
 -------------------------
----------------------------------- 
  It took 8883100 Nanoseconds to get a response from the Indexing Server! 
 -------------------------
----------------------------------- 
  It took 1571700 Nanoseconds to get a response from the Indexing Server! 
 -------------------------
----------------------------------- 
  It took 1257500 Nanoseconds to get a response from the Indexing Server! 
 -------------------------
----------------------------------- 
  It took 2019200 Nanoseconds to get a response from the Indexing Server! 
 -------------------------
----------------------------------- 
  It took 5751800 Nanoseconds to get a response from the Indexing Server! 
 -------------------------
----------------------------------- 
  It took 15584200 Nanoseconds to get a response from the Indexing Server! 
 -------------------------
----------------------------------- 
  It took 1276300 Nanoseconds to get a response from the Indexing Server! 
 -------------------------
----------------------------------- 
  It took 1559600 Nanoseconds to get a response from the Indexing Server! 
 -------------------------
----------------------------------- 
  It took 1543400 Nanoseconds to get a response from the Indexing Server! 
 -------------------------
----------------------------------- 
  It took 1087300 Nanoseconds to get a response from the Indexing Server! 
 -------------------------
----------------------------------- 
  It took 4682400 Nanoseconds to get a response from the Indexing Server! 
 -------------------------
----------------------------------- 
  It took 1378500 Nanoseconds to get a response from the Indexing Server! 
 -------------------------
----------------------------------- 
  It took 3578100 Nanoseconds to get a response from the Indexing Server! 
 -------------------------
----------------------------------- 
  It took 1405100 Nanoseconds to get a response from the Indexing Server! 
 -------------------------
----------------------------------- 
  It took 1716200 Nanoseconds to get a response from the Indexing Server! 
 -------------------------
----------------------------------- 
  It took 7718900 Nanoseconds to get a response from the Indexing Server! 
 -------------------------
----------------------------------- 
  It took 9680300 Nanoseconds to get a response from the Indexing Server! 
 -------------------------
----------------------------------- 
  It took 5526000 Nanoseconds to get a response from the Indexing Server! 
 -------------------------
----------------------------------- 
  It took 1355900 Nanoseconds to get a response from the Indexing Server! 
 -------------------------
----------------------------------- 
  It took 1762200 Nanoseconds to get a response from the Indexing Server! 
 -------------------------
----------------------------------- 
  It took 1400200 Nanoseconds to get a response from the Indexing Server! 
 -------------------------
----------------------------------- 
  It took 2080300 Nanoseconds to get a response from the Indexing Server! 
 -------------------------
----------------------------------- 
  It took 5189000 Nanoseconds to get a response from the Indexing Server! 
 -------------------------
----------------------------------- 
  It took 1590100 Nanoseconds to get a response from the Indexing Server! 
 -------------------------
----------------------------------- 
  It took 1325900 Nanoseconds to get a response from the Indexing Server! 
 -------------------------
----------------------------------- 
  It took 1530500 Nanoseconds to get a response from the Indexing Server! 
 -------------------------
----------------------------------- 
  It took 1539700 Nanoseconds to get a response from the Indexing Server! 
 -------------------------
----------------------------------- 
  It took 11725500 Nanoseconds to get a response from the Indexing Server! 
 -------------------------
----------------------------------- 
  It took 1370000 Nanoseconds to get a response from the Indexing Server! 
 -------------------------
----------------------------------- 
  It took 3890700 Nanoseconds to get a response from the Indexing Server! 
 -------------------------
----------------------------------- 
  It took 1276900 Nanoseconds to get a response from the Indexing Server! 
 -------------------------
----------------------------------- 
  It took 7537200 Nanoseconds to get a response from the Indexing Server! 
 -------------------------
----------------------------------- 
  It took 1423400 Nanoseconds to get a response from the Indexing Server! 
 -------------------------
----------------------------------- 
  It took 8982800 Nanoseconds to get a response from the Indexing Server! 
 -------------------------
----------------------------------- 
  It took 1919100 Nanoseconds to get a response from the Indexing Server! 
 -------------------------
----------------------------------- 
  It took 3223500 Nanoseconds to get a response from the Indexing Server! 
 -------------------------
----------------------------------- 
  It took 1244000 Nanoseconds to get a response from the Indexing Server! 
 -------------------------
----------------------------------- 
  It took 1562000 Nanoseconds to get a response from the Indexing Server! 
 -------------------------
----------------------------------- 
  It took 2100700 Nanoseconds to get a response from the Indexing Server! 
 -------------------------
----------------------------------- 
  It took 8719900 Nanoseconds to get a response from the Indexing Server! 
 -------------------------
----------------------------------- 
  It took 1586800 Nanoseconds to get a response from the Indexing Server! 
 -------------------------
----------------------------------- 
  It took 6919900 Nanoseconds to get a response from the Indexing Server! 
 -------------------------
----------------------------------- 
  It took 3579400 Nanoseconds to get a response from the Indexing Server! 
 -------------------------
----------------------------------- 
  It took 8819700 Nanoseconds to get a response from the Indexing Server! 
 -------------------------
----------------------------------- 
  It took 3914000 Nanoseconds to get a response from the Indexing Server! 
 -------------------------
----------------------------------- 
  It took 2394200 Nanoseconds to get a response from the Indexing Server! 
 -------------------------
----------------------------------- 
  It took 1348300 Nanoseconds to get a response from the Indexing Server! 
 -------------------------
----------------------------------- 
  It took 2102600 Nanoseconds to get a response from the Indexing Server! 
 -------------------------
----------------------------------- 
  It took 8822400 Nanoseconds to get a response from the Indexing Server! 
 -------------------------
----------------------------------- 
  It took 1378700 Nanoseconds to get a response from the Indexing Server! 
 -------------------------
----------------------------------- 
  It took 4288800 Nanoseconds to get a response from the Indexing Server! 
 -------------------------
----------------------------------- 
  It took 1310700 Nanoseconds to get a response from the Indexing Server! 
 -------------------------
----------------------------------- 
  It took 1625300 Nanoseconds to get a response from the Indexing Server! 
 -------------------------
----------------------------------- 
  It took 1319600 Nanoseconds to get a response from the Indexing Server! 
 -------------------------
----------------------------------- 
  It took 7008700 Nanoseconds to get a response from the Indexing Server! 
 -------------------------
----------------------------------- 
  It took 3013400 Nanoseconds to get a response from the Indexing Server! 
 -------------------------
----------------------------------- 
  It took 5828000 Nanoseconds to get a response from the Indexing Server! 
 -------------------------
----------------------------------- 
  It took 2458200 Nanoseconds to get a response from the Indexing Server! 
 -------------------------
----------------------------------- 
  It took 4497800 Nanoseconds to get a response from the Indexing Server! 
 -------------------------
----------------------------------- 
  It took 9854300 Nanoseconds to get a response from the Indexing Server! 
 -------------------------
----------------------------------- 
  It took 1526600 Nanoseconds to get a response from the Indexing Server! 
 -------------------------
----------------------------------- 
  It took 1270400 Nanoseconds to get a response from the Indexing Server! 
 -------------------------
----------------------------------- 
  It took 1600500 Nanoseconds to get a response from the Indexing Server! 
 -------------------------
----------------------------------- 
  It took 1381000 Nanoseconds to get a response from the Indexing Server! 
 -------------------------
----------------------------------- 
  It took 6144300 Nanoseconds to get a response from the Indexing Server! 
 -------------------------
----------------------------------- 
  It took 1696100 Nanoseconds to get a response from the Indexing Server! 
 -------------------------
----------------------------------- 
  It took 3100900 Nanoseconds to get a response from the Indexing Server! 
 -------------------------
----------------------------------- 
  It took 2265600 Nanoseconds to get a response from the Indexing Server! 
 -------------------------
----------------------------------- 
  It took 6088400 Nanoseconds to get a response from the Indexing Server! 
 -------------------------
----------------------------------- 
  It took 1680200 Nanoseconds to get a response from the Indexing Server! 
 -------------------------
----------------------------------- 
  It took 1745000 Nanoseconds to get a response from the Indexing Server! 
 -------------------------
----------------------------------- 
  It took 7208800 Nanoseconds to get a response from the Indexing Server! 
 -------------------------
----------------------------------- 
  It took 4777900 Nanoseconds to get a response from the Indexing Server! 
 -------------------------
----------------------------------- 
  It took 1628700 Nanoseconds to get a response from the Indexing Server! 
 -------------------------
----------------------------------- 
  It took 1356300 Nanoseconds to get a response from the Indexing Server! 
 -------------------------
----------------------------------- 
  It took 1371400 Nanoseconds to get a response from the Indexing Server! 
 -------------------------
----------------------------------- 
  It took 1401600 Nanoseconds to get a response from the Indexing Server! 
 -------------------------
----------------------------------- 
  It took 9183200 Nanoseconds to get a response from the Indexing Server! 
 -------------------------
----------------------------------- 
  It took 2211600 Nanoseconds to get a response from the Indexing Server! 
 -------------------------
----------------------------------- 
  It took 4019300 Nanoseconds to get a response from the Indexing Server! 
 -------------------------
----------------------------------- 
  It took 1276000 Nanoseconds to get a response from the Indexing Server! 
 -------------------------
----------------------------------- 
  It took 3626100 Nanoseconds to get a response from the Indexing Server! 
 -------------------------
----------------------------------- 
  It took 2226900 Nanoseconds to get a response from the Indexing Server! 
 -------------------------
----------------------------------- 
  It took 2259700 Nanoseconds to get a response from the Indexing Server! 
 -------------------------
----------------------------------- 
  It took 2494300 Nanoseconds to get a response from the Indexing Server! 
 -------------------------
----------------------------------- 
  It took 4596700 Nanoseconds to get a response from the Indexing Server! 
 -------------------------
----------------------------------- 
  It took 1581700 Nanoseconds to get a response from the Indexing Server! 
 -------------------------
----------------------------------- 
  It took 894800 Nanoseconds to get a response from the Indexing Server! 
 -------------------------
----------------------------------- 
  It took 1638400 Nanoseconds to get a response from the Indexing Server! 
 -------------------------
----------------------------------- 
  It took 3317400 Nanoseconds to get a response from the Indexing Server! 
 -------------------------
----------------------------------- 
  It took 1519400 Nanoseconds to get a response from the Indexing Server! 
 -------------------------
----------------------------------- 
  It took 896800 Nanoseconds to get a response from the Indexing Server! 
 -------------------------
----------------------------------- 
  It took 2055200 Nanoseconds to get a response from the Indexing Server! 
 -------------------------
----------------------------------- 
  It took 1605400 Nanoseconds to get a response from the Indexing Server! 
 -------------------------
----------------------------------- 
  It took 1565000 Nanoseconds to get a response from the Indexing Server! 
 -------------------------
----------------------------------- 
  It took 1813000 Nanoseconds to get a response from the Indexing Server! 
 -------------------------
----------------------------------- 
  It took 6705300 Nanoseconds to get a response from the Indexing Server! 
 -------------------------
----------------------------------- 
  It took 7426800 Nanoseconds to get a response from the Indexing Server! 
 -------------------------
----------------------------------- 
  It took 2247700 Nanoseconds to get a response from the Indexing Server! 
 -------------------------
----------------------------------- 
  It took 1645500 Nanoseconds to get a response from the Indexing Server! 
 -------------------------
----------------------------------- 
  It took 1584600 Nanoseconds to get a response from the Indexing Server! 
 -------------------------
----------------------------------- 
  It took 5495800 Nanoseconds to get a response from the Indexing Server! 
 -------------------------
----------------------------------- 
  It took 1480100 Nanoseconds to get a response from the Indexing Server! 
 -------------------------
----------------------------------- 
  It took 7982300 Nanoseconds to get a response from the Indexing Server! 
 -------------------------
----------------------------------- 
  It took 1450200 Nanoseconds to get a response from the Indexing Server! 
 -------------------------
----------------------------------- 
  It took 1806600 Nanoseconds to get a response from the Indexing Server! 
 -------------------------
----------------------------------- 
  It took 2178500 Nanoseconds to get a response from the Indexing Server! 
 -------------------------
----------------------------------- 
  It took 1572900 Nanoseconds to get a response from the Indexing Server! 
 -------------------------
----------------------------------- 
  It took 4154800 Nanoseconds to get a response from the Indexing Server! 
 -------------------------
----------------------------------- 
  It took 1455000 Nanoseconds to get a response from the Indexing Server! 
 -------------------------
----------------------------------- 
  It took 4547300 Nanoseconds to get a response from the Indexing Server! 
 -------------------------
----------------------------------- 
  It took 5451900 Nanoseconds to get a response from the Indexing Server! 
 -------------------------
----------------------------------- 
  It took 1578600 Nanoseconds to get a response from the Indexing Server! 
 -------------------------
----------------------------------- 
  It took 7333200 Nanoseconds to get a response from the Indexing Server! 
 -------------------------
----------------------------------- 
  It took 1968700 Nanoseconds to get a response from the Indexing Server! 
 -------------------------
----------------------------------- 
  It took 5385800 Nanoseconds to get a response from the Indexing Server! 
 -------------------------
----------------------------------- 
  It took 1701400 Nanoseconds to get a response from the Indexing Server! 
 -------------------------
----------------------------------- 
  It took 6922700 Nanoseconds to get a response from the Indexing Server! 
 -------------------------
----------------------------------- 
  It took 1683000 Nanoseconds to get a response from the Indexing Server! 
 -------------------------
----------------------------------- 
  It took 943300 Nanoseconds to get a response from the Indexing Server! 
 -------------------------
----------------------------------- 
  It took 1453200 Nanoseconds to get a response from the Indexing Server! 
 -------------------------
----------------------------------- 
  It took 1691100 Nanoseconds to get a response from the Indexing Server! 
 -------------------------
----------------------------------- 
  It took 1425500 Nanoseconds to get a response from the Indexing Server! 
 -------------------------
----------------------------------- 
  It took 1078100 Nanoseconds to get a response from the Indexing Server! 
 -------------------------
----------------------------------- 
  It took 4289300 Nanoseconds to get a response from the Indexing Server! 
 -------------------------
----------------------------------- 
  It took 1215000 Nanoseconds to get a response from the Indexing Server! 
 -------------------------
----------------------------------- 
  It took 3896300 Nanoseconds to get a response from the Indexing Server! 
 -------------------------
----------------------------------- 
  It took 2021400 Nanoseconds to get a response from the Indexing Server! 
 -------------------------
----------------------------------- 
  It took 1803800 Nanoseconds to get a response from the Indexing Server! 
 -------------------------
----------------------------------- 
  It took 1911800 Nanoseconds to get a response from the Indexing Server! 
 -------------------------
----------------------------------- 
  It took 4447600 Nanoseconds to get a response from the Indexing Server! 
 -------------------------
----------------------------------- 
  It took 1518700 Nanoseconds to get a response from the Indexing Server! 
 -------------------------
----------------------------------- 
  It took 1602000 Nanoseconds to get a response from the Indexing Server! 
 -------------------------
----------------------------------- 
  It took 7624000 Nanoseconds to get a response from the Indexing Server! 
 -------------------------
----------------------------------- 
  It took 5331700 Nanoseconds to get a response from the Indexing Server! 
 -------------------------
----------------------------------- 
  It took 898600 Nanoseconds to get a response from the Indexing Server! 
 -------------------------
----------------------------------- 
  It took 1630700 Nanoseconds to get a response from the Indexing Server! 
 -------------------------
----------------------------------- 
  It took 1672800 Nanoseconds to get a response from the Indexing Server! 
 -------------------------
----------------------------------- 
  It took 1559000 Nanoseconds to get a response from the Indexing Server! 
 -------------------------
----------------------------------- 
  It took 1596700 Nanoseconds to get a response from the Indexing Server! 
 -------------------------
----------------------------------- 
  It took 1474700 Nanoseconds to get a response from the Indexing Server! 
 -------------------------
----------------------------------- 
  It took 8935400 Nanoseconds to get a response from the Indexing Server! 
 -------------------------
----------------------------------- 
  It took 4735800 Nanoseconds to get a response from the Indexing Server! 
 -------------------------
----------------------------------- 
  It took 3185000 Nanoseconds to get a response from the Indexing Server! 
 -------------------------
----------------------------------- 
  It took 1901200 Nanoseconds to get a response from the Indexing Server! 
 -------------------------
----------------------------------- 
  It took 1864500 Nanoseconds to get a response from the Indexing Server! 
 -------------------------
----------------------------------- 
  It took 1515200 Nanoseconds to get a response from the Indexing Server! 
 -------------------------
----------------------------------- 
  It took 1577100 Nanoseconds to get a response from the Indexing Server! 
 -------------------------
----------------------------------- 
  It took 2366700 Nanoseconds to get a response from the Indexing Server! 
 -------------------------
----------------------------------- 
  It took 7449000 Nanoseconds to get a response from the Indexing Server! 
 -------------------------
----------------------------------- 
  It took 10108300 Nanoseconds to get a response from the Indexing Server! 
 -------------------------
----------------------------------- 
  It took 7518000 Nanoseconds to get a response from the Indexing Server! 
 -------------------------
----------------------------------- 
  It took 5949900 Nanoseconds to get a response from the Indexing Server! 
 -------------------------
----------------------------------- 
  It took 1498300 Nanoseconds to get a response from the Indexing Server! 
 -------------------------
----------------------------------- 
  It took 1248300 Nanoseconds to get a response from the Indexing Server! 
 -------------------------
----------------------------------- 
  It took 1881800 Nanoseconds to get a response from the Indexing Server! 
 -------------------------
----------------------------------- 
  It took 1584200 Nanoseconds to get a response from the Indexing Server! 
 -------------------------
----------------------------------- 
  It took 9756000 Nanoseconds to get a response from the Indexing Server! 
 -------------------------
----------------------------------- 
  It took 7780600 Nanoseconds to get a response from the Indexing Server! 
 -------------------------
----------------------------------- 
  It took 7771400 Nanoseconds to get a response from the Indexing Server! 
 -------------------------
----------------------------------- 
  It took 4063200 Nanoseconds to get a response from the Indexing Server! 
 -------------------------
----------------------------------- 
  It took 1590000 Nanoseconds to get a response from the Indexing Server! 
 -------------------------
----------------------------------- 
  It took 1260600 Nanoseconds to get a response from the Indexing Server! 
 -------------------------
----------------------------------- 
  It took 4822200 Nanoseconds to get a response from the Indexing Server! 
 -------------------------
----------------------------------- 
  It took 1299400 Nanoseconds to get a response from the Indexing Server! 
 -------------------------
----------------------------------- 
  It took 1515200 Nanoseconds to get a response from the Indexing Server! 
 -------------------------
----------------------------------- 
  It took 1458400 Nanoseconds to get a response from the Indexing Server! 
 -------------------------
----------------------------------- 
  It took 1547800 Nanoseconds to get a response from the Indexing Server! 
 -------------------------
----------------------------------- 
  It took 1771200 Nanoseconds to get a response from the Indexing Server! 
 -------------------------
----------------------------------- 
  It took 1506400 Nanoseconds to get a response from the Indexing Server! 
 -------------------------
----------------------------------- 
  It took 1580000 Nanoseconds to get a response from the Indexing Server! 
 -------------------------
----------------------------------- 
  It took 9348900 Nanoseconds to get a response from the Indexing Server! 
 -------------------------
----------------------------------- 
  It took 6812500 Nanoseconds to get a response from the Indexing Server! 
 -------------------------
----------------------------------- 
  It took 7407000 Nanoseconds to get a response from the Indexing Server! 
 -------------------------
----------------------------------- 
  It took 2388000 Nanoseconds to get a response from the Indexing Server! 
 -------------------------
----------------------------------- 
  It took 832400 Nanoseconds to get a response from the Indexing Server! 
 -------------------------
----------------------------------- 
  It took 1604700 Nanoseconds to get a response from the Indexing Server! 
 -------------------------
----------------------------------- 
  It took 1567800 Nanoseconds to get a response from the Indexing Server! 
 -------------------------
----------------------------------- 
  It took 7204200 Nanoseconds to get a response from the Indexing Server! 
 -------------------------
----------------------------------- 
  It took 1549100 Nanoseconds to get a response from the Indexing Server! 
 -------------------------
----------------------------------- 
  It took 1518700 Nanoseconds to get a response from the Indexing Server! 
 -------------------------
----------------------------------- 
  It took 1419900 Nanoseconds to get a response from the Indexing Server! 
 -------------------------
----------------------------------- 
  It took 852500 Nanoseconds to get a response from the Indexing Server! 
 -------------------------
----------------------------------- 
  It took 1622100 Nanoseconds to get a response from the Indexing Server! 
 -------------------------
----------------------------------- 
  It took 3731100 Nanoseconds to get a response from the Indexing Server! 
 -------------------------
----------------------------------- 
  It took 1918700 Nanoseconds to get a response from the Indexing Server! 
 -------------------------
----------------------------------- 
  It took 1933300 Nanoseconds to get a response from the Indexing Server! 
 -------------------------
----------------------------------- 
  It took 1823300 Nanoseconds to get a response from the Indexing Server! 
 -------------------------
----------------------------------- 
  It took 1205500 Nanoseconds to get a response from the Indexing Server! 
 -------------------------
----------------------------------- 
  It took 2080300 Nanoseconds to get a response from the Indexing Server! 
 -------------------------
----------------------------------- 
  It took 1712800 Nanoseconds to get a response from the Indexing Server! 
 -------------------------
----------------------------------- 
  It took 4185400 Nanoseconds to get a response from the Indexing Server! 
 -------------------------
----------------------------------- 
  It took 1314700 Nanoseconds to get a response from the Indexing Server! 
 -------------------------
----------------------------------- 
  It took 1645700 Nanoseconds to get a response from the Indexing Server! 
 -------------------------
----------------------------------- 
  It took 1464300 Nanoseconds to get a response from the Indexing Server! 
 -------------------------
----------------------------------- 
  It took 1223400 Nanoseconds to get a response from the Indexing Server! 
 -------------------------
